<?xml version="1.0" encoding="UTF-8"?>
<testng-results ignored="0" total="3" passed="3" failed="0" skipped="0">
  <reporter-output>
  </reporter-output>
  <suite started-at="2023-01-22T01:25:23 IST" name="Default suite" finished-at="2023-01-22T01:25:52 IST" duration-ms="29399">
    <groups>
    </groups>
    <test started-at="2023-01-22T01:25:23 IST" name="Default test" finished-at="2023-01-22T01:25:52 IST" duration-ms="29399">
      <class name="package1.PraticePageTestClass">
        <test-method is-config="true" signature="launchBrowser()[pri:0, instance:package1.PraticePageTestClass@5ffead27]" started-at="2023-01-22T01:25:23 IST" name="launchBrowser" finished-at="2023-01-22T01:25:30 IST" duration-ms="7048" status="PASS">
          <reporter-output>
          </reporter-output>
        </test-method> <!-- launchBrowser -->
        <test-method is-config="true" signature="openPracticePage()[pri:0, instance:package1.PraticePageTestClass@5ffead27]" started-at="2023-01-22T01:25:30 IST" name="openPracticePage" finished-at="2023-01-22T01:25:30 IST" duration-ms="90" status="PASS">
          <reporter-output>
          </reporter-output>
        </test-method> <!-- openPracticePage -->
        <test-method signature="verifyRow1example()[pri:1, instance:package1.PraticePageTestClass@5ffead27]" started-at="2023-01-22T01:25:30 IST" name="verifyRow1example" finished-at="2023-01-22T01:25:32 IST" duration-ms="2066" status="PASS">
          <reporter-output>
          </reporter-output>
        </test-method> <!-- verifyRow1example -->
        <test-method is-config="true" signature="logoutFromApplication(org.testng.ITestResult)[pri:0, instance:package1.PraticePageTestClass@5ffead27]" started-at="2023-01-22T01:25:32 IST" name="logoutFromApplication" finished-at="2023-01-22T01:25:32 IST" duration-ms="234" status="PASS">
          <params>
            <param index="0">
              <value>
                <![CDATA[[TestResult name=verifyRow1example status=SUCCESS method=PraticePageTestClass.verifyRow1example()[pri:1, instance:package1.PraticePageTestClass@5ffead27] output={null}]]]>
              </value>
            </param>
          </params>
          <reporter-output>
          </reporter-output>
        </test-method> <!-- logoutFromApplication -->
        <test-method is-config="true" signature="openPracticePage()[pri:0, instance:package1.PraticePageTestClass@5ffead27]" started-at="2023-01-22T01:25:32 IST" name="openPracticePage" finished-at="2023-01-22T01:25:32 IST" duration-ms="6" status="PASS">
          <reporter-output>
          </reporter-output>
        </test-method> <!-- openPracticePage -->
        <test-method signature="verifyRow3Exmaple()[pri:2, instance:package1.PraticePageTestClass@5ffead27]" started-at="2023-01-22T01:25:32 IST" name="verifyRow3Exmaple" finished-at="2023-01-22T01:25:34 IST" duration-ms="2127" status="PASS">
          <reporter-output>
          </reporter-output>
        </test-method> <!-- verifyRow3Exmaple -->
        <test-method is-config="true" signature="logoutFromApplication(org.testng.ITestResult)[pri:0, instance:package1.PraticePageTestClass@5ffead27]" started-at="2023-01-22T01:25:34 IST" name="logoutFromApplication" finished-at="2023-01-22T01:25:34 IST" duration-ms="254" status="PASS">
          <params>
            <param index="0">
              <value>
                <![CDATA[[TestResult name=verifyRow3Exmaple status=SUCCESS method=PraticePageTestClass.verifyRow3Exmaple()[pri:2, instance:package1.PraticePageTestClass@5ffead27] output={null}]]]>
              </value>
            </param>
          </params>
          <reporter-output>
          </reporter-output>
        </test-method> <!-- logoutFromApplication -->
        <test-method is-config="true" signature="openPracticePage()[pri:0, instance:package1.PraticePageTestClass@5ffead27]" started-at="2023-01-22T01:25:34 IST" name="openPracticePage" finished-at="2023-01-22T01:25:35 IST" duration-ms="261" status="PASS">
          <reporter-output>
          </reporter-output>
        </test-method> <!-- openPracticePage -->
        <test-method signature="verifyRow2Example()[pri:3, instance:package1.PraticePageTestClass@5ffead27]" started-at="2023-01-22T01:25:35 IST" name="verifyRow2Example" finished-at="2023-01-22T01:25:49 IST" duration-ms="14406" status="PASS">
          <reporter-output>
          </reporter-output>
        </test-method> <!-- verifyRow2Example -->
        <test-method is-config="true" signature="logoutFromApplication(org.testng.ITestResult)[pri:0, instance:package1.PraticePageTestClass@5ffead27]" started-at="2023-01-22T01:25:49 IST" name="logoutFromApplication" finished-at="2023-01-22T01:25:51 IST" duration-ms="1904" status="PASS">
          <params>
            <param index="0">
              <value>
                <![CDATA[[TestResult name=verifyRow2Example status=SUCCESS method=PraticePageTestClass.verifyRow2Example()[pri:3, instance:package1.PraticePageTestClass@5ffead27] output={null}]]]>
              </value>
            </param>
          </params>
          <reporter-output>
          </reporter-output>
        </test-method> <!-- logoutFromApplication -->
        <test-method is-config="true" signature="closedBrowser()[pri:0, instance:package1.PraticePageTestClass@5ffead27]" started-at="2023-01-22T01:25:51 IST" name="closedBrowser" finished-at="2023-01-22T01:25:52 IST" duration-ms="926" status="PASS">
          <reporter-output>
          </reporter-output>
        </test-method> <!-- closedBrowser -->
      </class> <!-- package1.PraticePageTestClass -->
    </test> <!-- Default test -->
  </suite> <!-- Default suite -->
</testng-results>
