<?xml version="1.0" encoding="UTF-8"?>
<testng-results ignored="0" total="4" passed="4" failed="0" skipped="0">
  <reporter-output>
  </reporter-output>
  <suite started-at="2023-01-22T14:25:05 IST" name="Suite" finished-at="2023-01-22T14:26:05 IST" duration-ms="60585">
    <groups>
    </groups>
    <test started-at="2023-01-22T14:25:05 IST" name="chromeBrowserTest" finished-at="2023-01-22T14:26:05 IST" duration-ms="60585">
      <class name="package1.PracticeFrameTestClass">
        <test-method is-config="true" signature="launchBrowser(java.lang.String)[pri:0, instance:package1.PracticeFrameTestClass@7ec7ffd3]" started-at="2023-01-22T14:25:05 IST" name="launchBrowser" finished-at="2023-01-22T14:25:07 IST" duration-ms="2779" status="PASS">
          <params>
            <param index="0">
              <value>
                <![CDATA[chrome]]>
              </value>
            </param>
          </params>
          <reporter-output>
          </reporter-output>
        </test-method> <!-- launchBrowser -->
        <test-method is-config="true" signature="createPOMObjects()[pri:0, instance:package1.PracticeFrameTestClass@7ec7ffd3]" started-at="2023-01-22T14:25:09 IST" name="createPOMObjects" finished-at="2023-01-22T14:25:14 IST" duration-ms="4393" status="PASS">
          <reporter-output>
          </reporter-output>
        </test-method> <!-- createPOMObjects -->
        <test-method is-config="true" signature="openPracticePage()[pri:0, instance:package1.PracticeFrameTestClass@7ec7ffd3]" started-at="2023-01-22T14:25:14 IST" name="openPracticePage" finished-at="2023-01-22T14:25:14 IST" duration-ms="0" status="PASS">
          <reporter-output>
          </reporter-output>
        </test-method> <!-- openPracticePage -->
        <test-method signature="verifyIframeexample()[pri:0, instance:package1.PracticeFrameTestClass@7ec7ffd3]" started-at="2023-01-22T14:25:14 IST" name="verifyIframeexample" finished-at="2023-01-22T14:25:27 IST" duration-ms="13030" status="PASS">
          <reporter-output>
          </reporter-output>
        </test-method> <!-- verifyIframeexample -->
        <test-method is-config="true" signature="logoutFromApplication(org.testng.ITestResult)[pri:0, instance:package1.PracticeFrameTestClass@7ec7ffd3]" started-at="2023-01-22T14:25:27 IST" name="logoutFromApplication" finished-at="2023-01-22T14:25:27 IST" duration-ms="2" status="PASS">
          <params>
            <param index="0">
              <value>
                <![CDATA[[TestResult name=verifyIframeexample status=SUCCESS method=PracticeFrameTestClass.verifyIframeexample()[pri:0, instance:package1.PracticeFrameTestClass@7ec7ffd3] output={null}]]]>
              </value>
            </param>
          </params>
          <reporter-output>
          </reporter-output>
        </test-method> <!-- logoutFromApplication -->
        <test-method is-config="true" signature="cleanPOMObjects()[pri:0, instance:package1.PracticeFrameTestClass@7ec7ffd3]" started-at="2023-01-22T14:25:27 IST" name="cleanPOMObjects" finished-at="2023-01-22T14:25:27 IST" duration-ms="1" status="PASS">
          <reporter-output>
          </reporter-output>
        </test-method> <!-- cleanPOMObjects -->
        <test-method is-config="true" signature="closedBrowser()[pri:0, instance:package1.PracticeFrameTestClass@7ec7ffd3]" started-at="2023-01-22T14:26:02 IST" name="closedBrowser" finished-at="2023-01-22T14:26:04 IST" duration-ms="1872" status="PASS">
          <reporter-output>
          </reporter-output>
        </test-method> <!-- closedBrowser -->
      </class> <!-- package1.PracticeFrameTestClass -->
      <class name="package1.PraticePageTestClass">
        <test-method is-config="true" signature="launchBrowser(java.lang.String)[pri:0, instance:package1.PraticePageTestClass@4cc451f2]" started-at="2023-01-22T14:25:07 IST" name="launchBrowser" finished-at="2023-01-22T14:25:09 IST" duration-ms="1867" status="PASS">
          <params>
            <param index="0">
              <value>
                <![CDATA[chrome]]>
              </value>
            </param>
          </params>
          <reporter-output>
          </reporter-output>
        </test-method> <!-- launchBrowser -->
        <test-method is-config="true" signature="createPOMObjects()[pri:0, instance:package1.PraticePageTestClass@4cc451f2]" started-at="2023-01-22T14:25:27 IST" name="createPOMObjects" finished-at="2023-01-22T14:25:42 IST" duration-ms="15297" status="PASS">
          <reporter-output>
          </reporter-output>
        </test-method> <!-- createPOMObjects -->
        <test-method is-config="true" signature="openPracticePage()[pri:0, instance:package1.PraticePageTestClass@4cc451f2]" started-at="2023-01-22T14:25:42 IST" name="openPracticePage" finished-at="2023-01-22T14:25:42 IST" duration-ms="1" status="PASS">
          <reporter-output>
          </reporter-output>
        </test-method> <!-- openPracticePage -->
        <test-method signature="verifyRow1example()[pri:1, instance:package1.PraticePageTestClass@4cc451f2]" started-at="2023-01-22T14:25:42 IST" name="verifyRow1example" finished-at="2023-01-22T14:25:46 IST" duration-ms="4231" status="PASS">
          <reporter-output>
          </reporter-output>
        </test-method> <!-- verifyRow1example -->
        <test-method is-config="true" signature="logoutFromApplication(org.testng.ITestResult)[pri:0, instance:package1.PraticePageTestClass@4cc451f2]" started-at="2023-01-22T14:25:46 IST" name="logoutFromApplication" finished-at="2023-01-22T14:25:46 IST" duration-ms="1" status="PASS">
          <params>
            <param index="0">
              <value>
                <![CDATA[[TestResult name=verifyRow1example status=SUCCESS method=PraticePageTestClass.verifyRow1example()[pri:1, instance:package1.PraticePageTestClass@4cc451f2] output={null}]]]>
              </value>
            </param>
          </params>
          <reporter-output>
          </reporter-output>
        </test-method> <!-- logoutFromApplication -->
        <test-method is-config="true" signature="openPracticePage()[pri:0, instance:package1.PraticePageTestClass@4cc451f2]" started-at="2023-01-22T14:25:46 IST" name="openPracticePage" finished-at="2023-01-22T14:25:46 IST" duration-ms="0" status="PASS">
          <reporter-output>
          </reporter-output>
        </test-method> <!-- openPracticePage -->
        <test-method signature="verifyRow3Exmaple()[pri:2, instance:package1.PraticePageTestClass@4cc451f2]" started-at="2023-01-22T14:25:46 IST" name="verifyRow3Exmaple" finished-at="2023-01-22T14:25:50 IST" duration-ms="4084" status="PASS">
          <reporter-output>
          </reporter-output>
        </test-method> <!-- verifyRow3Exmaple -->
        <test-method is-config="true" signature="logoutFromApplication(org.testng.ITestResult)[pri:0, instance:package1.PraticePageTestClass@4cc451f2]" started-at="2023-01-22T14:25:50 IST" name="logoutFromApplication" finished-at="2023-01-22T14:25:50 IST" duration-ms="0" status="PASS">
          <params>
            <param index="0">
              <value>
                <![CDATA[[TestResult name=verifyRow3Exmaple status=SUCCESS method=PraticePageTestClass.verifyRow3Exmaple()[pri:2, instance:package1.PraticePageTestClass@4cc451f2] output={null}]]]>
              </value>
            </param>
          </params>
          <reporter-output>
          </reporter-output>
        </test-method> <!-- logoutFromApplication -->
        <test-method signature="verifyRow2Example()[pri:3, instance:package1.PraticePageTestClass@4cc451f2]" started-at="2023-01-22T14:25:50 IST" name="verifyRow2Example" finished-at="2023-01-22T14:26:02 IST" duration-ms="11411" status="PASS">
          <reporter-output>
          </reporter-output>
        </test-method> <!-- verifyRow2Example -->
        <test-method is-config="true" signature="openPracticePage()[pri:0, instance:package1.PraticePageTestClass@4cc451f2]" started-at="2023-01-22T14:25:50 IST" name="openPracticePage" finished-at="2023-01-22T14:25:50 IST" duration-ms="0" status="PASS">
          <reporter-output>
          </reporter-output>
        </test-method> <!-- openPracticePage -->
        <test-method is-config="true" signature="logoutFromApplication(org.testng.ITestResult)[pri:0, instance:package1.PraticePageTestClass@4cc451f2]" started-at="2023-01-22T14:26:02 IST" name="logoutFromApplication" finished-at="2023-01-22T14:26:02 IST" duration-ms="0" status="PASS">
          <params>
            <param index="0">
              <value>
                <![CDATA[[TestResult name=verifyRow2Example status=SUCCESS method=PraticePageTestClass.verifyRow2Example()[pri:3, instance:package1.PraticePageTestClass@4cc451f2] output={null}]]]>
              </value>
            </param>
          </params>
          <reporter-output>
          </reporter-output>
        </test-method> <!-- logoutFromApplication -->
        <test-method is-config="true" signature="cleanPOMObjects()[pri:0, instance:package1.PraticePageTestClass@4cc451f2]" started-at="2023-01-22T14:26:02 IST" name="cleanPOMObjects" finished-at="2023-01-22T14:26:02 IST" duration-ms="0" status="PASS">
          <reporter-output>
          </reporter-output>
        </test-method> <!-- cleanPOMObjects -->
        <test-method is-config="true" signature="closedBrowser()[pri:0, instance:package1.PraticePageTestClass@4cc451f2]" started-at="2023-01-22T14:26:04 IST" name="closedBrowser" finished-at="2023-01-22T14:26:05 IST" duration-ms="1526" status="PASS">
          <reporter-output>
          </reporter-output>
        </test-method> <!-- closedBrowser -->
      </class> <!-- package1.PraticePageTestClass -->
    </test> <!-- chromeBrowserTest -->
  </suite> <!-- Suite -->
</testng-results>
