<?xml version="1.0" encoding="UTF-8"?>
<!-- Generated by org.testng.reporters.JUnitXMLReporter -->
<testsuite ignored="0" hostname="DESKTOP-8EODA8M" failures="0" tests="4" name="chromeBrowserTest" time="60.585" errors="0" timestamp="2023-01-22T14:26:05 IST">
  <testcase classname="package1.PracticeFrameTestClass" name="verifyIframeexample" time="13.03"/>
  <testcase classname="package1.PraticePageTestClass" name="verifyRow1example" time="4.231"/>
  <testcase classname="package1.PraticePageTestClass" name="verifyRow3Exmaple" time="4.084"/>
  <testcase classname="package1.PraticePageTestClass" name="verifyRow2Example" time="11.411"/>
</testsuite> <!-- chromeBrowserTest -->
