<?xml version="1.0" encoding="UTF-8"?>
<!-- Generated by org.testng.reporters.JUnitXMLReporter -->
<testsuite ignored="0" hostname="DESKTOP-8EODA8M" failures="0" tests="4" name="edgeBrowserTest" time="105.474" errors="0" timestamp="2023-01-22T14:14:47 IST">
  <testcase classname="package1.PracticeFrameTestClass" name="verifyIframeexample" time="14.916"/>
  <testcase classname="package1.PraticePageTestClass" name="verifyRow1example" time="5.813"/>
  <testcase classname="package1.PraticePageTestClass" name="verifyRow3Exmaple" time="10.931"/>
  <testcase classname="package1.PraticePageTestClass" name="verifyRow2Example" time="43.769"/>
</testsuite> <!-- edgeBrowserTest -->
