<?xml version="1.0" encoding="UTF-8"?>
<!-- Generated by org.testng.reporters.JUnitXMLReporter -->
<testsuite ignored="0" hostname="DESKTOP-8EODA8M" failures="0" tests="4" name="Test" time="24.115" errors="0" timestamp="2023-01-22T13:27:27 IST">
  <testcase classname="package1.PraticePageTestClass" name="@BeforeTest launchBrowser" time="20.055">
    <failure type="org.openqa.selenium.WebDriverException" message="Timed out waiting for driver server to start.
Build info: version: &amp;apos;3.141.59&amp;apos;, revision: &amp;apos;e82be7d358&amp;apos;, time: &amp;apos;2018-11-14T08:17:03&amp;apos;
System info: host: &amp;apos;DESKTOP-8EODA8M&amp;apos;, ip: &amp;apos;192.168.0.105&amp;apos;, os.name: &amp;apos;Windows 10&amp;apos;, os.arch: &amp;apos;amd64&amp;apos;, os.version: &amp;apos;10.0&amp;apos;, java.version: &amp;apos;18.0.2&amp;apos;
Driver info: driver.version: ChromeDriver">
      <![CDATA[org.openqa.selenium.WebDriverException: Timed out waiting for driver server to start.
Build info: version: '3.141.59', revision: 'e82be7d358', time: '2018-11-14T08:17:03'
System info: host: 'DESKTOP-8EODA8M', ip: '192.168.0.105', os.name: 'Windows 10', os.arch: 'amd64', os.version: '10.0', java.version: '18.0.2'
Driver info: driver.version: ChromeDriver
at org.openqa.selenium.remote.service.DriverService.waitUntilAvailable(DriverService.java:202)
at org.openqa.selenium.remote.service.DriverService.start(DriverService.java:188)
at org.openqa.selenium.remote.service.DriverCommandExecutor.execute(DriverCommandExecutor.java:79)
at org.openqa.selenium.remote.RemoteWebDriver.execute(RemoteWebDriver.java:552)
at org.openqa.selenium.remote.RemoteWebDriver.startSession(RemoteWebDriver.java:213)
at org.openqa.selenium.remote.RemoteWebDriver.<init>(RemoteWebDriver.java:131)
at org.openqa.selenium.chrome.ChromeDriver.<init>(ChromeDriver.java:181)
at org.openqa.selenium.chrome.ChromeDriver.<init>(ChromeDriver.java:168)
at org.openqa.selenium.chrome.ChromeDriver.<init>(ChromeDriver.java:123)
at package1.PraticePageTestClass.launchBrowser(PraticePageTestClass.java:34)
Caused by: org.openqa.selenium.net.UrlChecker$TimeoutException: Timed out waiting for [http://localhost:31171/status] to be available after 20008 ms
at org.openqa.selenium.net.UrlChecker.waitUntilAvailable(UrlChecker.java:100)
at org.openqa.selenium.remote.service.DriverService.waitUntilAvailable(DriverService.java:197)
... 31 more
Caused by: java.util.concurrent.TimeoutException
at java.base/java.util.concurrent.FutureTask.get(FutureTask.java:204)
at com.google.common.util.concurrent.SimpleTimeLimiter.callWithTimeout(SimpleTimeLimiter.java:156)
at org.openqa.selenium.net.UrlChecker.waitUntilAvailable(UrlChecker.java:75)
... 32 more
... Removed 22 stack frames]]>
    </failure>
  </testcase> <!-- @BeforeTest launchBrowser -->
  <testcase classname="package1.PraticePageTestClass" name="@BeforeClass createPOMObjects" time="-1.674374247445E9">
    <skipped/>
  </testcase> <!-- @BeforeClass createPOMObjects -->
  <testcase classname="package1.PraticePageTestClass" name="@BeforeMethod openPracticePage" time="-1.674374247471E9">
    <skipped/>
  </testcase> <!-- @BeforeMethod openPracticePage -->
  <testcase classname="package1.PraticePageTestClass" name="@AfterMethod logoutFromApplication" time="-1.674374247487E9">
    <skipped/>
  </testcase> <!-- @AfterMethod logoutFromApplication -->
  <testcase classname="package1.PraticePageTestClass" name="@BeforeMethod openPracticePage" time="-1.674374247497E9">
    <skipped/>
  </testcase> <!-- @BeforeMethod openPracticePage -->
  <testcase classname="package1.PraticePageTestClass" name="@AfterMethod logoutFromApplication" time="-1.674374247505E9">
    <skipped/>
  </testcase> <!-- @AfterMethod logoutFromApplication -->
  <testcase classname="package1.PraticePageTestClass" name="@BeforeMethod openPracticePage" time="-1.674374247508E9">
    <skipped/>
  </testcase> <!-- @BeforeMethod openPracticePage -->
  <testcase classname="package1.PraticePageTestClass" name="@AfterMethod logoutFromApplication" time="-1.674374247528E9">
    <skipped/>
  </testcase> <!-- @AfterMethod logoutFromApplication -->
  <testcase classname="package1.PraticePageTestClass" name="@AfterClass cleanPOMObjects" time="-1.67437424754E9">
    <skipped/>
  </testcase> <!-- @AfterClass cleanPOMObjects -->
  <testcase classname="package1.PracticeFrameTestClass" name="@BeforeClass launchBrowser1" time="-1.674374247543E9">
    <skipped/>
  </testcase> <!-- @BeforeClass launchBrowser1 -->
  <testcase classname="package1.PracticeFrameTestClass" name="@BeforeMethod openPracticePage" time="-1.674374247551E9">
    <skipped/>
  </testcase> <!-- @BeforeMethod openPracticePage -->
  <testcase classname="package1.PracticeFrameTestClass" name="@AfterMethod logoutFromApplication" time="-1.674374247578E9">
    <skipped/>
  </testcase> <!-- @AfterMethod logoutFromApplication -->
  <testcase classname="package1.PracticeFrameTestClass" name="@AfterClass cleanPOMObjects" time="-1.67437424758E9">
    <skipped/>
  </testcase> <!-- @AfterClass cleanPOMObjects -->
  <testcase classname="package1.PracticeFrameTestClass" name="@AfterTest closedBrowser" time="-1.674374247582E9">
    <skipped/>
  </testcase> <!-- @AfterTest closedBrowser -->
  <testcase classname="package1.PraticePageTestClass" name="@AfterTest closedBrowser" time="-1.674374247585E9">
    <skipped/>
  </testcase> <!-- @AfterTest closedBrowser -->
  <testcase classname="package1.PraticePageTestClass" name="verifyRow1example" time="0.0">
    <skipped/>
  </testcase> <!-- verifyRow1example -->
  <testcase classname="package1.PraticePageTestClass" name="verifyRow3Exmaple" time="0.0">
    <skipped/>
  </testcase> <!-- verifyRow3Exmaple -->
  <testcase classname="package1.PraticePageTestClass" name="verifyRow2Example" time="0.0">
    <skipped/>
  </testcase> <!-- verifyRow2Example -->
  <testcase classname="package1.PracticeFrameTestClass" name="verifyIframeexample" time="0.0">
    <skipped/>
  </testcase> <!-- verifyIframeexample -->
</testsuite> <!-- Test -->
