<?xml version="1.0" encoding="UTF-8"?>
<!-- Generated by org.testng.reporters.JUnitXMLReporter -->
<testsuite ignored="0" hostname="DESKTOP-8EODA8M" failures="0" tests="3" name="Default test" time="29.399" errors="0" timestamp="2023-01-22T01:25:52 IST">
  <testcase classname="package1.PraticePageTestClass" name="verifyRow1example" time="2.066"/>
  <testcase classname="package1.PraticePageTestClass" name="verifyRow3Exmaple" time="2.127"/>
  <testcase classname="package1.PraticePageTestClass" name="verifyRow2Example" time="14.406"/>
</testsuite> <!-- Default test -->
